Build started 8/3/2015 4:43:43 PM.
     1>Project "C:\Users\alperst\documents\visual studio 2013\Projects\Win32Chip8\Win32Chip8\Win32Chip8.vcxproj" on node 2 (Build target(s)).
     1>ClCompile:
         C:\Program Files (x86)\Microsoft Visual Studio 12.0\VC\bin\CL.exe /c /ZI /nologo /W3 /WX- /sdl /Od /Oy- /D WIN32 /D _DEBUG /D _WINDOWS /D _CRT_SECURE_NO_WARNINGS /D _UNICODE /D UNICODE /Gm /EHsc /RTC1 /MDd /GS /fp:precise /Zc:wchar_t /Zc:forScope /Yu"stdafx.h" /Fp"Debug\Win32Chip8.pch" /Fo"Debug\\" /Fd"Debug\vc120.pdb" /Gd /TP /analyze- /errorReport:prompt Chip8.cpp Win32Chip8.cpp
         Chip8.cpp
     1>c:\users\alperst\documents\visual studio 2013\projects\win32chip8\win32chip8\chip8.h(53): error C2535: 'const void Chip8::_0000(void)' : member function already defined or declared
                 c:\users\alperst\documents\visual studio 2013\projects\win32chip8\win32chip8\chip8.h(48) : see declaration of 'Chip8::_0000'
     1>c:\users\alperst\documents\visual studio 2013\projects\win32chip8\win32chip8\chip8.h(61): error C2535: 'const void Chip8::_8000(void)' : member function already defined or declared
                 c:\users\alperst\documents\visual studio 2013\projects\win32chip8\win32chip8\chip8.h(49) : see declaration of 'Chip8::_8000'
     1>c:\users\alperst\documents\visual studio 2013\projects\win32chip8\win32chip8\chip8.h(67): error C2535: 'const void Chip8::_E000(void)' : member function already defined or declared
                 c:\users\alperst\documents\visual studio 2013\projects\win32chip8\win32chip8\chip8.h(50) : see declaration of 'Chip8::_E000'
     1>c:\users\alperst\documents\visual studio 2013\projects\win32chip8\win32chip8\chip8.h(68): error C2535: 'const void Chip8::_F000(void)' : member function already defined or declared
                 c:\users\alperst\documents\visual studio 2013\projects\win32chip8\win32chip8\chip8.h(51) : see declaration of 'Chip8::_F000'
     1>c:\users\alperst\documents\visual studio 2013\projects\win32chip8\win32chip8\chip8.cpp(25): error C3079: an initializer-list cannot be used as the right operand of this assignment operator
         Generating Code...
         Compiling...
         Win32Chip8.cpp
     1>c:\users\alperst\documents\visual studio 2013\projects\win32chip8\win32chip8\chip8.h(53): error C2535: 'const void Chip8::_0000(void)' : member function already defined or declared
                 c:\users\alperst\documents\visual studio 2013\projects\win32chip8\win32chip8\chip8.h(48) : see declaration of 'Chip8::_0000'
     1>c:\users\alperst\documents\visual studio 2013\projects\win32chip8\win32chip8\chip8.h(61): error C2535: 'const void Chip8::_8000(void)' : member function already defined or declared
                 c:\users\alperst\documents\visual studio 2013\projects\win32chip8\win32chip8\chip8.h(49) : see declaration of 'Chip8::_8000'
     1>c:\users\alperst\documents\visual studio 2013\projects\win32chip8\win32chip8\chip8.h(67): error C2535: 'const void Chip8::_E000(void)' : member function already defined or declared
                 c:\users\alperst\documents\visual studio 2013\projects\win32chip8\win32chip8\chip8.h(50) : see declaration of 'Chip8::_E000'
     1>c:\users\alperst\documents\visual studio 2013\projects\win32chip8\win32chip8\chip8.h(68): error C2535: 'const void Chip8::_F000(void)' : member function already defined or declared
                 c:\users\alperst\documents\visual studio 2013\projects\win32chip8\win32chip8\chip8.h(51) : see declaration of 'Chip8::_F000'
         Generating Code...
     1>Done Building Project "C:\Users\alperst\documents\visual studio 2013\Projects\Win32Chip8\Win32Chip8\Win32Chip8.vcxproj" (Build target(s)) -- FAILED.

Build FAILED.

Time Elapsed 00:00:02.38
